{"/home/sneha/Desktop/node/src/app1.ts": {"path":"/home/sneha/Desktop/node/src/app1.ts","statementMap":{"0":{"start":{"line":50,"column":16},"end":{"line":50,"column":34}},"1":{"start":{"line":51,"column":15},"end":{"line":51,"column":28}},"2":{"start":{"line":53,"column":0},"end":{"line":53,"column":37}},"3":{"start":{"line":57,"column":0},"end":{"line":57,"column":62}},"4":{"start":{"line":60,"column":0},"end":{"line":60,"column":45}},"5":{"start":{"line":61,"column":0},"end":{"line":61,"column":55}},"6":{"start":{"line":63,"column":0},"end":{"line":63,"column":60}},"7":{"start":{"line":65,"column":0},"end":{"line":65,"column":30}},"8":{"start":{"line":66,"column":0},"end":{"line":66,"column":29}},"9":{"start":{"line":67,"column":0},"end":{"line":67,"column":41}},"10":{"start":{"line":68,"column":0},"end":{"line":68,"column":28}},"11":{"start":{"line":71,"column":0},"end":{"line":82,"column":5}},"12":{"start":{"line":71,"column":12},"end":{"line":82,"column":2}},"13":{"start":{"line":73,"column":2},"end":{"line":78,"column":3}},"14":{"start":{"line":74,"column":4},"end":{"line":74,"column":34}},"15":{"start":{"line":76,"column":4},"end":{"line":76,"column":29}},"16":{"start":{"line":77,"column":4},"end":{"line":77,"column":20}},"17":{"start":{"line":79,"column":2},"end":{"line":81,"column":5}},"18":{"start":{"line":80,"column":4},"end":{"line":80,"column":44}}},"fnMap":{"0":{"name":"(anonymous_8)","decl":{"start":{"line":71,"column":1},"end":{"line":71,"column":10}},"loc":{"start":{"line":71,"column":12},"end":{"line":82,"column":2}}},"1":{"name":"(anonymous_9)","decl":{"start":{"line":71,"column":12},"end":{"line":71,"column":null}},"loc":{"start":{"line":71,"column":12},"end":{"line":82,"column":1}}},"2":{"name":"(anonymous_10)","decl":{"start":{"line":79,"column":22},"end":{"line":79,"column":25}},"loc":{"start":{"line":79,"column":27},"end":{"line":81,"column":3}}}},"branchMap":{},"s":{"0":0,"1":0,"2":0,"3":0,"4":0,"5":0,"6":0,"7":0,"8":0,"9":0,"10":0,"11":0,"12":0,"13":0,"14":0,"15":0,"16":0,"17":0,"18":0},"f":{"0":0,"1":0,"2":0},"b":{}}
,"/home/sneha/Desktop/node/src/controller/employee.controller.ts": {"path":"/home/sneha/Desktop/node/src/controller/employee.controller.ts","statementMap":{"0":{"start":{"line":1,"column":0},"end":{"line":1,"column":52}},"1":{"start":{"line":2,"column":0},"end":{"line":2,"column":58}},"2":{"start":{"line":4,"column":0},"end":{"line":4,"column":30}},"3":{"start":{"line":5,"column":0},"end":{"line":5,"column":56}},"4":{"start":{"line":6,"column":0},"end":{"line":6,"column":43}},"5":{"start":{"line":7,"column":0},"end":{"line":7,"column":63}},"6":{"start":{"line":9,"column":0},"end":{"line":9,"column":42}},"7":{"start":{"line":13,"column":22},"end":{"line":13,"column":54}},"8":{"start":{"line":29,"column":9},"end":{"line":42,"column":4}},"9":{"start":{"line":33,"column":6},"end":{"line":42,"column":4}},"10":{"start":{"line":34,"column":32},"end":{"line":34,"column":40}},"11":{"start":{"line":35,"column":4},"end":{"line":35,"column":26}},"12":{"start":{"line":36,"column":4},"end":{"line":41,"column":5}},"13":{"start":{"line":37,"column":20},"end":{"line":37,"column":77}},"14":{"start":{"line":38,"column":6},"end":{"line":38,"column":44}},"15":{"start":{"line":40,"column":6},"end":{"line":40,"column":16}},"16":{"start":{"line":44,"column":9},"end":{"line":50,"column":4}},"17":{"start":{"line":47,"column":6},"end":{"line":50,"column":4}},"18":{"start":{"line":48,"column":22},"end":{"line":48,"column":66}},"19":{"start":{"line":49,"column":4},"end":{"line":49,"column":36}},"20":{"start":{"line":52,"column":9},"end":{"line":69,"column":4}},"21":{"start":{"line":56,"column":6},"end":{"line":69,"column":4}},"22":{"start":{"line":57,"column":4},"end":{"line":68,"column":5}},"23":{"start":{"line":58,"column":24},"end":{"line":59,"column":null}},"24":{"start":{"line":61,"column":6},"end":{"line":64,"column":7}},"25":{"start":{"line":62,"column":22},"end":{"line":62,"column":59}},"26":{"start":{"line":63,"column":8},"end":{"line":63,"column":20}},"27":{"start":{"line":65,"column":6},"end":{"line":65,"column":38}},"28":{"start":{"line":67,"column":6},"end":{"line":67,"column":16}},"29":{"start":{"line":71,"column":9},"end":{"line":103,"column":4}},"30":{"start":{"line":75,"column":6},"end":{"line":103,"column":4}},"31":{"start":{"line":76,"column":4},"end":{"line":102,"column":5}},"32":{"start":{"line":78,"column":17},"end":{"line":78,"column":25}},"33":{"start":{"line":79,"column":6},"end":{"line":81,"column":7}},"34":{"start":{"line":80,"column":11},"end":{"line":80,"column":null}},"35":{"start":{"line":83,"column":26},"end":{"line":83,"column":70}},"36":{"start":{"line":84,"column":21},"end":{"line":84,"column":48}},"37":{"start":{"line":85,"column":6},"end":{"line":99,"column":5}},"38":{"start":{"line":86,"column":8},"end":{"line":86,"column":44}},"39":{"start":{"line":87,"column":8},"end":{"line":87,"column":61}},"40":{"start":{"line":90,"column":24},"end":{"line":96,"column":null}},"41":{"start":{"line":98,"column":6},"end":{"line":98,"column":38}},"42":{"start":{"line":101,"column":6},"end":{"line":101,"column":16}},"43":{"start":{"line":105,"column":9},"end":{"line":131,"column":4}},"44":{"start":{"line":109,"column":6},"end":{"line":131,"column":4}},"45":{"start":{"line":110,"column":4},"end":{"line":130,"column":5}},"46":{"start":{"line":111,"column":26},"end":{"line":111,"column":70}},"47":{"start":{"line":112,"column":21},"end":{"line":112,"column":48}},"48":{"start":{"line":113,"column":6},"end":{"line":116,"column":7}},"49":{"start":{"line":114,"column":8},"end":{"line":114,"column":44}},"50":{"start":{"line":115,"column":8},"end":{"line":115,"column":61}},"51":{"start":{"line":118,"column":24},"end":{"line":125,"column":null}},"52":{"start":{"line":127,"column":6},"end":{"line":127,"column":38}},"53":{"start":{"line":129,"column":6},"end":{"line":129,"column":16}},"54":{"start":{"line":133,"column":9},"end":{"line":141,"column":4}},"55":{"start":{"line":136,"column":6},"end":{"line":141,"column":4}},"56":{"start":{"line":137,"column":22},"end":{"line":138,"column":null}},"57":{"start":{"line":140,"column":4},"end":{"line":140,"column":27}},"58":{"start":{"line":14,"column":4},"end":{"line":14,"column":35}},"59":{"start":{"line":16,"column":4},"end":{"line":16,"column":51}},"60":{"start":{"line":18,"column":4},"end":{"line":18,"column":58}},"61":{"start":{"line":20,"column":4},"end":{"line":20,"column":61}},"62":{"start":{"line":22,"column":4},"end":{"line":22,"column":58}},"63":{"start":{"line":24,"column":4},"end":{"line":24,"column":60}},"64":{"start":{"line":26,"column":4},"end":{"line":26,"column":63}},"65":{"start":{"line":143,"column":0},"end":{"line":143,"column":34}}},"fnMap":{"0":{"name":"(anonymous_8)","decl":{"start":{"line":13,"column":2},"end":{"line":13,"column":22}},"loc":{"start":{"line":13,"column":54},"end":{"line":27,"column":3}}},"1":{"name":"(anonymous_9)","decl":{"start":{"line":29,"column":25},"end":{"line":29,"column":null}},"loc":{"start":{"line":33,"column":6},"end":{"line":42,"column":4}}},"2":{"name":"(anonymous_10)","decl":{"start":{"line":33,"column":6},"end":{"line":33,"column":null}},"loc":{"start":{"line":33,"column":6},"end":{"line":42,"column":3}}},"3":{"name":"(anonymous_11)","decl":{"start":{"line":44,"column":27},"end":{"line":44,"column":null}},"loc":{"start":{"line":47,"column":6},"end":{"line":50,"column":4}}},"4":{"name":"(anonymous_12)","decl":{"start":{"line":47,"column":6},"end":{"line":47,"column":null}},"loc":{"start":{"line":47,"column":6},"end":{"line":50,"column":3}}},"5":{"name":"(anonymous_13)","decl":{"start":{"line":52,"column":27},"end":{"line":52,"column":null}},"loc":{"start":{"line":56,"column":6},"end":{"line":69,"column":4}}},"6":{"name":"(anonymous_14)","decl":{"start":{"line":56,"column":6},"end":{"line":56,"column":null}},"loc":{"start":{"line":56,"column":6},"end":{"line":69,"column":3}}},"7":{"name":"(anonymous_15)","decl":{"start":{"line":71,"column":26},"end":{"line":71,"column":null}},"loc":{"start":{"line":75,"column":6},"end":{"line":103,"column":4}}},"8":{"name":"(anonymous_16)","decl":{"start":{"line":75,"column":6},"end":{"line":75,"column":null}},"loc":{"start":{"line":75,"column":6},"end":{"line":103,"column":3}}},"9":{"name":"(anonymous_17)","decl":{"start":{"line":105,"column":26},"end":{"line":105,"column":null}},"loc":{"start":{"line":109,"column":6},"end":{"line":131,"column":4}}},"10":{"name":"(anonymous_18)","decl":{"start":{"line":109,"column":6},"end":{"line":109,"column":null}},"loc":{"start":{"line":109,"column":6},"end":{"line":131,"column":3}}},"11":{"name":"(anonymous_19)","decl":{"start":{"line":133,"column":26},"end":{"line":133,"column":null}},"loc":{"start":{"line":136,"column":6},"end":{"line":141,"column":4}}},"12":{"name":"(anonymous_20)","decl":{"start":{"line":136,"column":6},"end":{"line":136,"column":null}},"loc":{"start":{"line":136,"column":6},"end":{"line":141,"column":3}}}},"branchMap":{"0":{"loc":{"start":{"line":61,"column":6},"end":{"line":64,"column":7}},"type":"if","locations":[{"start":{"line":61,"column":6},"end":{"line":64,"column":7}}]},"1":{"loc":{"start":{"line":79,"column":6},"end":{"line":81,"column":7}},"type":"if","locations":[{"start":{"line":79,"column":6},"end":{"line":81,"column":7}}]},"2":{"loc":{"start":{"line":85,"column":6},"end":{"line":99,"column":5}},"type":"if","locations":[{"start":{"line":85,"column":6},"end":{"line":99,"column":5}}]},"3":{"loc":{"start":{"line":113,"column":6},"end":{"line":116,"column":7}},"type":"if","locations":[{"start":{"line":113,"column":6},"end":{"line":116,"column":7}}]}},"s":{"0":0,"1":0,"2":0,"3":0,"4":0,"5":0,"6":0,"7":0,"8":0,"9":0,"10":0,"11":0,"12":0,"13":0,"14":0,"15":0,"16":0,"17":0,"18":0,"19":0,"20":0,"21":0,"22":0,"23":0,"24":0,"25":0,"26":0,"27":0,"28":0,"29":0,"30":0,"31":0,"32":0,"33":0,"34":0,"35":0,"36":0,"37":0,"38":0,"39":0,"40":0,"41":0,"42":0,"43":0,"44":0,"45":0,"46":0,"47":0,"48":0,"49":0,"50":0,"51":0,"52":0,"53":0,"54":0,"55":0,"56":0,"57":0,"58":0,"59":0,"60":0,"61":0,"62":0,"63":0,"64":0,"65":0},"f":{"0":0,"1":0,"2":0,"3":0,"4":0,"5":0,"6":0,"7":0,"8":0,"9":0,"10":0,"11":0,"12":0},"b":{"0":[0],"1":[0],"2":[0],"3":[0]}}
,"/home/sneha/Desktop/node/src/db/data-source.db.ts": {"path":"/home/sneha/Desktop/node/src/db/data-source.db.ts","statementMap":{"0":{"start":{"line":1,"column":0},"end":{"line":1,"column":26}},"1":{"start":{"line":2,"column":0},"end":{"line":2,"column":37}},"2":{"start":{"line":3,"column":0},"end":{"line":3,"column":64}},"3":{"start":{"line":6,"column":19},"end":{"line":19,"column":2}},"4":{"start":{"line":21,"column":0},"end":{"line":21,"column":26}}},"fnMap":{},"branchMap":{},"s":{"0":0,"1":0,"2":0,"3":0,"4":0},"f":{},"b":{}}
,"/home/sneha/Desktop/node/src/db/migrations/1720085123188-create-employee.ts": {"path":"/home/sneha/Desktop/node/src/db/migrations/1720085123188-create-employee.ts","statementMap":{"0":{"start":{"line":4,"column":4},"end":{"line":4,"column":null}},"1":{"start":{"line":7,"column":8},"end":{"line":7,"column":335}},"2":{"start":{"line":11,"column":8},"end":{"line":11,"column":57}},"3":{"start":{"line":3,"column":0},"end":{"line":3,"column":13}}},"fnMap":{"0":{"name":"(anonymous_7)","decl":{"start":{"line":3,"column":0},"end":{"line":3,"column":13}},"loc":{"start":{"line":3,"column":0},"end":{"line":14,"column":1}}},"1":{"name":"(anonymous_8)","decl":{"start":{"line":6,"column":17},"end":{"line":6,"column":19}},"loc":{"start":{"line":6,"column":44},"end":{"line":8,"column":null}}},"2":{"name":"(anonymous_10)","decl":{"start":{"line":10,"column":17},"end":{"line":10,"column":21}},"loc":{"start":{"line":10,"column":46},"end":{"line":12,"column":null}}}},"branchMap":{},"s":{"0":0,"1":0,"2":0,"3":0},"f":{"0":0,"1":0,"2":0},"b":{}}
,"/home/sneha/Desktop/node/src/db/migrations/1720085503418-addage-employee.ts": {"path":"/home/sneha/Desktop/node/src/db/migrations/1720085503418-addage-employee.ts","statementMap":{"0":{"start":{"line":4,"column":4},"end":{"line":4,"column":null}},"1":{"start":{"line":7,"column":8},"end":{"line":7,"column":85}},"2":{"start":{"line":11,"column":8},"end":{"line":11,"column":76}},"3":{"start":{"line":3,"column":0},"end":{"line":3,"column":13}}},"fnMap":{"0":{"name":"(anonymous_7)","decl":{"start":{"line":3,"column":0},"end":{"line":3,"column":13}},"loc":{"start":{"line":3,"column":0},"end":{"line":14,"column":1}}},"1":{"name":"(anonymous_8)","decl":{"start":{"line":6,"column":17},"end":{"line":6,"column":19}},"loc":{"start":{"line":6,"column":44},"end":{"line":8,"column":null}}},"2":{"name":"(anonymous_10)","decl":{"start":{"line":10,"column":17},"end":{"line":10,"column":21}},"loc":{"start":{"line":10,"column":46},"end":{"line":12,"column":null}}}},"branchMap":{},"s":{"0":0,"1":0,"2":0,"3":0},"f":{"0":0,"1":0,"2":0},"b":{}}
,"/home/sneha/Desktop/node/src/db/migrations/1720090279086-addaddresstable.ts": {"path":"/home/sneha/Desktop/node/src/db/migrations/1720090279086-addaddresstable.ts","statementMap":{"0":{"start":{"line":4,"column":4},"end":{"line":4,"column":null}},"1":{"start":{"line":7,"column":8},"end":{"line":7,"column":428}},"2":{"start":{"line":8,"column":8},"end":{"line":8,"column":201}},"3":{"start":{"line":12,"column":8},"end":{"line":12,"column":106}},"4":{"start":{"line":13,"column":8},"end":{"line":13,"column":56}},"5":{"start":{"line":3,"column":0},"end":{"line":3,"column":13}}},"fnMap":{"0":{"name":"(anonymous_7)","decl":{"start":{"line":3,"column":0},"end":{"line":3,"column":13}},"loc":{"start":{"line":3,"column":0},"end":{"line":16,"column":1}}},"1":{"name":"(anonymous_8)","decl":{"start":{"line":6,"column":17},"end":{"line":6,"column":19}},"loc":{"start":{"line":6,"column":44},"end":{"line":9,"column":null}}},"2":{"name":"(anonymous_10)","decl":{"start":{"line":11,"column":17},"end":{"line":11,"column":21}},"loc":{"start":{"line":11,"column":46},"end":{"line":14,"column":null}}}},"branchMap":{},"s":{"0":0,"1":0,"2":0,"3":0,"4":0,"5":0},"f":{"0":0,"1":0,"2":0},"b":{}}
,"/home/sneha/Desktop/node/src/db/migrations/1720156873658-add_password_role.ts": {"path":"/home/sneha/Desktop/node/src/db/migrations/1720156873658-add_password_role.ts","statementMap":{"0":{"start":{"line":4,"column":4},"end":{"line":4,"column":null}},"1":{"start":{"line":7,"column":8},"end":{"line":7,"column":91}},"2":{"start":{"line":8,"column":8},"end":{"line":8,"column":87}},"3":{"start":{"line":12,"column":8},"end":{"line":12,"column":77}},"4":{"start":{"line":13,"column":8},"end":{"line":13,"column":81}},"5":{"start":{"line":3,"column":0},"end":{"line":3,"column":13}}},"fnMap":{"0":{"name":"(anonymous_7)","decl":{"start":{"line":3,"column":0},"end":{"line":3,"column":13}},"loc":{"start":{"line":3,"column":0},"end":{"line":16,"column":1}}},"1":{"name":"(anonymous_8)","decl":{"start":{"line":6,"column":17},"end":{"line":6,"column":19}},"loc":{"start":{"line":6,"column":44},"end":{"line":9,"column":null}}},"2":{"name":"(anonymous_10)","decl":{"start":{"line":11,"column":17},"end":{"line":11,"column":21}},"loc":{"start":{"line":11,"column":46},"end":{"line":14,"column":null}}}},"branchMap":{},"s":{"0":0,"1":0,"2":0,"3":0,"4":0,"5":0},"f":{"0":0,"1":0,"2":0},"b":{}}
,"/home/sneha/Desktop/node/src/dto/address.dto.ts": {"path":"/home/sneha/Desktop/node/src/dto/address.dto.ts","statementMap":{"0":{"start":{"line":1,"column":0},"end":{"line":1,"column":55}},"1":{"start":{"line":3,"column":0},"end":{"line":3,"column":13}},"2":{"start":{"line":6,"column":4},"end":{"line":6,"column":null}},"3":{"start":{"line":10,"column":4},"end":{"line":10,"column":null}}},"fnMap":{},"branchMap":{},"s":{"0":0,"1":0,"2":0,"3":0},"f":{},"b":{}}
,"/home/sneha/Desktop/node/src/dto/employee.dto.ts": {"path":"/home/sneha/Desktop/node/src/dto/employee.dto.ts","statementMap":{"0":{"start":{"line":1,"column":0},"end":{"line":1,"column":97}},"1":{"start":{"line":2,"column":0},"end":{"line":2,"column":39}},"2":{"start":{"line":3,"column":0},"end":{"line":3,"column":41}},"3":{"start":{"line":5,"column":0},"end":{"line":5,"column":13}},"4":{"start":{"line":9,"column":4},"end":{"line":9,"column":null}},"5":{"start":{"line":14,"column":4},"end":{"line":14,"column":null}},"6":{"start":{"line":18,"column":4},"end":{"line":18,"column":null}},"7":{"start":{"line":22,"column":4},"end":{"line":22,"column":null}},"8":{"start":{"line":26,"column":4},"end":{"line":26,"column":null}},"9":{"start":{"line":32,"column":4},"end":{"line":32,"column":null}}},"fnMap":{},"branchMap":{},"s":{"0":0,"1":0,"2":0,"3":0,"4":0,"5":0,"6":0,"7":0,"8":0,"9":0},"f":{},"b":{}}
,"/home/sneha/Desktop/node/src/entity/abstract-entity.ts": {"path":"/home/sneha/Desktop/node/src/entity/abstract-entity.ts","statementMap":{"0":{"start":{"line":1,"column":0},"end":{"line":1,"column":103}},"1":{"start":{"line":5,"column":2},"end":{"line":5,"column":null}},"2":{"start":{"line":8,"column":2},"end":{"line":8,"column":null}},"3":{"start":{"line":11,"column":2},"end":{"line":11,"column":null}},"4":{"start":{"line":14,"column":2},"end":{"line":14,"column":null}},"5":{"start":{"line":16,"column":0},"end":{"line":16,"column":30}}},"fnMap":{},"branchMap":{},"s":{"0":0,"1":0,"2":0,"3":0,"4":0,"5":0},"f":{},"b":{}}
,"/home/sneha/Desktop/node/src/entity/address.entity.ts": {"path":"/home/sneha/Desktop/node/src/entity/address.entity.ts","statementMap":{"0":{"start":{"line":1,"column":0},"end":{"line":1,"column":null}},"1":{"start":{"line":12,"column":0},"end":{"line":12,"column":47}},"2":{"start":{"line":13,"column":0},"end":{"line":13,"column":41}},"3":{"start":{"line":16,"column":0},"end":{"line":26,"column":null}},"4":{"start":{"line":18,"column":2},"end":{"line":18,"column":null}},"5":{"start":{"line":21,"column":2},"end":{"line":21,"column":null}},"6":{"start":{"line":25,"column":2},"end":{"line":25,"column":null}},"7":{"start":{"line":23,"column":16},"end":{"line":23,"column":24}},"8":{"start":{"line":23,"column":37},"end":{"line":23,"column":53}},"9":{"start":{"line":16,"column":6},"end":{"line":26,"column":null}},"10":{"start":{"line":27,"column":0},"end":{"line":27,"column":23}}},"fnMap":{"0":{"name":"(anonymous_3)","decl":{"start":{"line":23,"column":12},"end":{"line":23,"column":14}},"loc":{"start":{"line":23,"column":16},"end":{"line":23,"column":24}}},"1":{"name":"(anonymous_4)","decl":{"start":{"line":23,"column":25},"end":{"line":23,"column":26}},"loc":{"start":{"line":23,"column":37},"end":{"line":23,"column":53}}}},"branchMap":{},"s":{"0":0,"1":0,"2":0,"3":0,"4":0,"5":0,"6":0,"7":0,"8":0,"9":0,"10":0},"f":{"0":0,"1":0},"b":{}}
,"/home/sneha/Desktop/node/src/entity/employee.entity.ts": {"path":"/home/sneha/Desktop/node/src/entity/employee.entity.ts","statementMap":{"0":{"start":{"line":1,"column":0},"end":{"line":1,"column":null}},"1":{"start":{"line":12,"column":0},"end":{"line":12,"column":47}},"2":{"start":{"line":13,"column":0},"end":{"line":13,"column":39}},"3":{"start":{"line":14,"column":0},"end":{"line":14,"column":42}},"4":{"start":{"line":17,"column":0},"end":{"line":37,"column":null}},"5":{"start":{"line":19,"column":2},"end":{"line":19,"column":null}},"6":{"start":{"line":22,"column":2},"end":{"line":22,"column":null}},"7":{"start":{"line":25,"column":2},"end":{"line":25,"column":null}},"8":{"start":{"line":28,"column":2},"end":{"line":28,"column":null}},"9":{"start":{"line":31,"column":2},"end":{"line":31,"column":null}},"10":{"start":{"line":36,"column":2},"end":{"line":36,"column":null}},"11":{"start":{"line":33,"column":18},"end":{"line":33,"column":25}},"12":{"start":{"line":33,"column":40},"end":{"line":33,"column":56}},"13":{"start":{"line":17,"column":6},"end":{"line":37,"column":null}},"14":{"start":{"line":39,"column":0},"end":{"line":39,"column":24}}},"fnMap":{"0":{"name":"(anonymous_3)","decl":{"start":{"line":33,"column":12},"end":{"line":33,"column":15}},"loc":{"start":{"line":33,"column":18},"end":{"line":33,"column":25}}},"1":{"name":"(anonymous_4)","decl":{"start":{"line":33,"column":27},"end":{"line":33,"column":28}},"loc":{"start":{"line":33,"column":40},"end":{"line":33,"column":56}}}},"branchMap":{},"s":{"0":0,"1":0,"2":0,"3":0,"4":0,"5":0,"6":0,"7":0,"8":0,"9":0,"10":0,"11":0,"12":0,"13":0,"14":0},"f":{"0":0,"1":0},"b":{}}
,"/home/sneha/Desktop/node/src/exceptions/http.exceptions.ts": {"path":"/home/sneha/Desktop/node/src/exceptions/http.exceptions.ts","statementMap":{"0":{"start":{"line":4,"column":7},"end":{"line":4,"column":22}},"1":{"start":{"line":5,"column":7},"end":{"line":5,"column":26}},"2":{"start":{"line":8,"column":0},"end":{"line":8,"column":null}}},"fnMap":{"0":{"name":"(anonymous_0)","decl":{"start":{"line":3,"column":4},"end":{"line":3,"column":16}},"loc":{"start":{"line":3,"column":44},"end":{"line":6,"column":5}}}},"branchMap":{},"s":{"0":0,"1":0,"2":0},"f":{"0":0},"b":{}}
,"/home/sneha/Desktop/node/src/middleware/authorize.middleware.ts": {"path":"/home/sneha/Desktop/node/src/middleware/authorize.middleware.ts","statementMap":{"0":{"start":{"line":3,"column":0},"end":{"line":3,"column":47}},"1":{"start":{"line":4,"column":0},"end":{"line":4,"column":40}},"2":{"start":{"line":7,"column":25},"end":{"line":24,"column":2}},"3":{"start":{"line":11,"column":4},"end":{"line":24,"column":2}},"4":{"start":{"line":12,"column":2},"end":{"line":23,"column":3}},"5":{"start":{"line":13,"column":18},"end":{"line":13,"column":48}},"6":{"start":{"line":14,"column":20},"end":{"line":14,"column":58}},"7":{"start":{"line":16,"column":4},"end":{"line":16,"column":44}},"8":{"start":{"line":17,"column":4},"end":{"line":17,"column":46}},"9":{"start":{"line":18,"column":4},"end":{"line":18,"column":44}},"10":{"start":{"line":20,"column":4},"end":{"line":20,"column":18}},"11":{"start":{"line":22,"column":4},"end":{"line":22,"column":23}},"12":{"start":{"line":7,"column":13},"end":{"line":7,"column":25}},"13":{"start":{"line":25,"column":34},"end":{"line":29,"column":1}},"14":{"start":{"line":26,"column":22},"end":{"line":26,"column":49}},"15":{"start":{"line":27,"column":16},"end":{"line":27,"column":68}},"16":{"start":{"line":28,"column":2},"end":{"line":28,"column":15}}},"fnMap":{"0":{"name":"(anonymous_8)","decl":{"start":{"line":7,"column":25},"end":{"line":7,"column":null}},"loc":{"start":{"line":11,"column":4},"end":{"line":24,"column":2}}},"1":{"name":"(anonymous_9)","decl":{"start":{"line":11,"column":4},"end":{"line":11,"column":null}},"loc":{"start":{"line":11,"column":4},"end":{"line":24,"column":1}}},"2":{"name":"(anonymous_10)","decl":{"start":{"line":25,"column":34},"end":{"line":25,"column":35}},"loc":{"start":{"line":25,"column":59},"end":{"line":29,"column":1}}}},"branchMap":{"0":{"loc":{"start":{"line":27,"column":16},"end":{"line":27,"column":68}},"type":"cond-expr","locations":[{"start":{"line":27,"column":30},"end":{"line":27,"column":63}},{"start":{"line":27,"column":66},"end":{"line":27,"column":68}}]}},"s":{"0":0,"1":0,"2":0,"3":0,"4":0,"5":0,"6":0,"7":0,"8":0,"9":0,"10":0,"11":0,"12":0,"13":0,"14":0,"15":0,"16":0},"f":{"0":0,"1":0,"2":0},"b":{"0":[0,0]}}
,"/home/sneha/Desktop/node/src/middleware/error.middelware.ts": {"path":"/home/sneha/Desktop/node/src/middleware/error.middelware.ts","statementMap":{"0":{"start":{"line":2,"column":0},"end":{"line":2,"column":58}},"1":{"start":{"line":4,"column":24},"end":{"line":23,"column":1}},"2":{"start":{"line":10,"column":4},"end":{"line":22,"column":5}},"3":{"start":{"line":11,"column":8},"end":{"line":19,"column":9}},"4":{"start":{"line":12,"column":35},"end":{"line":12,"column":54}},"5":{"start":{"line":13,"column":36},"end":{"line":13,"column":75}},"6":{"start":{"line":14,"column":27},"end":{"line":14,"column":47}},"7":{"start":{"line":15,"column":12},"end":{"line":15,"column":46}},"8":{"start":{"line":17,"column":12},"end":{"line":17,"column":39}},"9":{"start":{"line":18,"column":12},"end":{"line":18,"column":59}},"10":{"start":{"line":21,"column":8},"end":{"line":21,"column":20}},"11":{"start":{"line":25,"column":0},"end":{"line":25,"column":31}}},"fnMap":{"0":{"name":"(anonymous_1)","decl":{"start":{"line":4,"column":24},"end":{"line":4,"column":null}},"loc":{"start":{"line":9,"column":4},"end":{"line":23,"column":1}}}},"branchMap":{"0":{"loc":{"start":{"line":11,"column":8},"end":{"line":19,"column":9}},"type":"if","locations":[{"start":{"line":11,"column":8},"end":{"line":19,"column":9}},{"start":{"line":16,"column":15},"end":{"line":19,"column":9}}]},"1":{"loc":{"start":{"line":12,"column":35},"end":{"line":12,"column":54}},"type":"binary-expr","locations":[{"start":{"line":12,"column":35},"end":{"line":12,"column":47}},{"start":{"line":12,"column":51},"end":{"line":12,"column":54}}]},"2":{"loc":{"start":{"line":13,"column":36},"end":{"line":13,"column":75}},"type":"binary-expr","locations":[{"start":{"line":13,"column":36},"end":{"line":13,"column":49}},{"start":{"line":13,"column":53},"end":{"line":13,"column":75}}]}},"s":{"0":0,"1":0,"2":0,"3":0,"4":0,"5":0,"6":0,"7":0,"8":0,"9":0,"10":0,"11":0},"f":{"0":0},"b":{"0":[0,0],"1":[0,0],"2":[0,0]}}
,"/home/sneha/Desktop/node/src/middleware/logger.middleware.ts": {"path":"/home/sneha/Desktop/node/src/middleware/logger.middleware.ts","statementMap":{"0":{"start":{"line":1,"column":25},"end":{"line":4,"column":1}},"1":{"start":{"line":2,"column":2},"end":{"line":2,"column":72}},"2":{"start":{"line":3,"column":2},"end":{"line":3,"column":9}},"3":{"start":{"line":6,"column":0},"end":{"line":6,"column":32}}},"fnMap":{"0":{"name":"(anonymous_0)","decl":{"start":{"line":1,"column":25},"end":{"line":1,"column":26}},"loc":{"start":{"line":1,"column":44},"end":{"line":4,"column":1}}}},"branchMap":{},"s":{"0":0,"1":0,"2":0,"3":0},"f":{"0":0},"b":{}}
,"/home/sneha/Desktop/node/src/repository/employee.repository.ts": {"path":"/home/sneha/Desktop/node/src/repository/employee.repository.ts","statementMap":{"0":{"start":{"line":6,"column":22},"end":{"line":6,"column":54}},"1":{"start":{"line":8,"column":4},"end":{"line":8,"column":60}},"2":{"start":{"line":12,"column":4},"end":{"line":12,"column":78}},"3":{"start":{"line":16,"column":4},"end":{"line":16,"column":42}},"4":{"start":{"line":19,"column":6},"end":{"line":19,"column":43}},"5":{"start":{"line":22,"column":4},"end":{"line":22,"column":47}},"6":{"start":{"line":25,"column":0},"end":{"line":25,"column":34}}},"fnMap":{"0":{"name":"(anonymous_7)","decl":{"start":{"line":6,"column":2},"end":{"line":6,"column":22}},"loc":{"start":{"line":6,"column":54},"end":{"line":6,"column":58}}},"1":{"name":"(anonymous_8)","decl":{"start":{"line":7,"column":8},"end":{"line":7,"column":12}},"loc":{"start":{"line":7,"column":12},"end":{"line":9,"column":null}}},"2":{"name":"(anonymous_10)","decl":{"start":{"line":11,"column":8},"end":{"line":11,"column":17}},"loc":{"start":{"line":11,"column":43},"end":{"line":13,"column":null}}},"3":{"name":"(anonymous_12)","decl":{"start":{"line":15,"column":8},"end":{"line":15,"column":12}},"loc":{"start":{"line":15,"column":31},"end":{"line":17,"column":null}}},"4":{"name":"(anonymous_14)","decl":{"start":{"line":18,"column":10},"end":{"line":18,"column":20}},"loc":{"start":{"line":18,"column":31},"end":{"line":20,"column":null}}},"5":{"name":"(anonymous_16)","decl":{"start":{"line":21,"column":8},"end":{"line":21,"column":18}},"loc":{"start":{"line":21,"column":37},"end":{"line":23,"column":null}}}},"branchMap":{},"s":{"0":0,"1":0,"2":0,"3":0,"4":0,"5":0,"6":0},"f":{"0":0,"1":0,"2":0,"3":0,"4":0,"5":0},"b":{}}
,"/home/sneha/Desktop/node/src/routes/employee.routers.ts": {"path":"/home/sneha/Desktop/node/src/routes/employee.routers.ts","statementMap":{"0":{"start":{"line":2,"column":0},"end":{"line":2,"column":67}},"1":{"start":{"line":3,"column":0},"end":{"line":3,"column":67}},"2":{"start":{"line":4,"column":0},"end":{"line":4,"column":58}},"3":{"start":{"line":5,"column":0},"end":{"line":5,"column":46}},"4":{"start":{"line":6,"column":0},"end":{"line":6,"column":49}},"5":{"start":{"line":8,"column":25},"end":{"line":8,"column":128}},"6":{"start":{"line":9,"column":21},"end":{"line":9,"column":46}},"7":{"start":{"line":11,"column":0},"end":{"line":11,"column":30}}},"fnMap":{},"branchMap":{},"s":{"0":0,"1":0,"2":0,"3":0,"4":0,"5":0,"6":0,"7":0},"f":{},"b":{}}
,"/home/sneha/Desktop/node/src/service/employee.service.ts": {"path":"/home/sneha/Desktop/node/src/service/employee.service.ts","statementMap":{"0":{"start":{"line":1,"column":0},"end":{"line":1,"column":47}},"1":{"start":{"line":2,"column":0},"end":{"line":2,"column":49}},"2":{"start":{"line":3,"column":0},"end":{"line":3,"column":58}},"3":{"start":{"line":5,"column":0},"end":{"line":5,"column":61}},"4":{"start":{"line":8,"column":0},"end":{"line":8,"column":28}},"5":{"start":{"line":9,"column":0},"end":{"line":9,"column":40}},"6":{"start":{"line":12,"column":22},"end":{"line":12,"column":60}},"7":{"start":{"line":15,"column":21},"end":{"line":17,"column":6}},"8":{"start":{"line":18,"column":4},"end":{"line":20,"column":5}},"9":{"start":{"line":19,"column":6},"end":{"line":19,"column":57}},"10":{"start":{"line":21,"column":19},"end":{"line":21,"column":68}},"11":{"start":{"line":23,"column":4},"end":{"line":25,"column":5}},"12":{"start":{"line":24,"column":6},"end":{"line":24,"column":58}},"13":{"start":{"line":26,"column":32},"end":{"line":30,"column":6}},"14":{"start":{"line":32,"column":18},"end":{"line":34,"column":6}},"15":{"start":{"line":35,"column":4},"end":{"line":35,"column":17}},"16":{"start":{"line":39,"column":4},"end":{"line":39,"column":42}},"17":{"start":{"line":43,"column":4},"end":{"line":43,"column":53}},"18":{"start":{"line":54,"column":24},"end":{"line":54,"column":38}},"19":{"start":{"line":55,"column":4},"end":{"line":55,"column":28}},"20":{"start":{"line":56,"column":4},"end":{"line":56,"column":30}},"21":{"start":{"line":57,"column":4},"end":{"line":57,"column":26}},"22":{"start":{"line":58,"column":4},"end":{"line":58,"column":75}},"23":{"start":{"line":59,"column":4},"end":{"line":59,"column":28}},"24":{"start":{"line":61,"column":23},"end":{"line":61,"column":36}},"25":{"start":{"line":62,"column":4},"end":{"line":62,"column":37}},"26":{"start":{"line":63,"column":4},"end":{"line":63,"column":41}},"27":{"start":{"line":65,"column":4},"end":{"line":65,"column":37}},"28":{"start":{"line":67,"column":4},"end":{"line":67,"column":53}},"29":{"start":{"line":79,"column":24},"end":{"line":79,"column":71}},"30":{"start":{"line":80,"column":4},"end":{"line":80,"column":28}},"31":{"start":{"line":81,"column":4},"end":{"line":81,"column":30}},"32":{"start":{"line":82,"column":4},"end":{"line":82,"column":26}},"33":{"start":{"line":83,"column":4},"end":{"line":83,"column":36}},"34":{"start":{"line":84,"column":4},"end":{"line":84,"column":28}},"35":{"start":{"line":86,"column":23},"end":{"line":86,"column":36}},"36":{"start":{"line":87,"column":4},"end":{"line":87,"column":37}},"37":{"start":{"line":88,"column":4},"end":{"line":88,"column":41}},"38":{"start":{"line":90,"column":4},"end":{"line":90,"column":37}},"39":{"start":{"line":91,"column":4},"end":{"line":91,"column":53}},"40":{"start":{"line":95,"column":24},"end":{"line":95,"column":71}},"41":{"start":{"line":96,"column":4},"end":{"line":96,"column":59}},"42":{"start":{"line":99,"column":0},"end":{"line":99,"column":31}}},"fnMap":{"0":{"name":"(anonymous_8)","decl":{"start":{"line":12,"column":2},"end":{"line":12,"column":22}},"loc":{"start":{"line":12,"column":60},"end":{"line":12,"column":64}}},"1":{"name":"(anonymous_9)","decl":{"start":{"line":14,"column":8},"end":{"line":14,"column":21}},"loc":{"start":{"line":14,"column":53},"end":{"line":36,"column":null}}},"2":{"name":"(anonymous_11)","decl":{"start":{"line":38,"column":8},"end":{"line":38,"column":23}},"loc":{"start":{"line":38,"column":23},"end":{"line":40,"column":null}}},"3":{"name":"(anonymous_13)","decl":{"start":{"line":42,"column":8},"end":{"line":42,"column":23}},"loc":{"start":{"line":42,"column":34},"end":{"line":44,"column":null}}},"4":{"name":"(anonymous_15)","decl":{"start":{"line":46,"column":8},"end":{"line":46,"column":22}},"loc":{"start":{"line":52,"column":16},"end":{"line":68,"column":null}}},"5":{"name":"(anonymous_17)","decl":{"start":{"line":70,"column":8},"end":{"line":70,"column":22}},"loc":{"start":{"line":77,"column":16},"end":{"line":92,"column":null}}},"6":{"name":"(anonymous_19)","decl":{"start":{"line":94,"column":8},"end":{"line":94,"column":22}},"loc":{"start":{"line":94,"column":33},"end":{"line":97,"column":null}}}},"branchMap":{"0":{"loc":{"start":{"line":18,"column":4},"end":{"line":20,"column":5}},"type":"if","locations":[{"start":{"line":18,"column":4},"end":{"line":20,"column":5}}]},"1":{"loc":{"start":{"line":23,"column":4},"end":{"line":25,"column":5}},"type":"if","locations":[{"start":{"line":23,"column":4},"end":{"line":25,"column":5}}]},"2":{"loc":{"start":{"line":58,"column":27},"end":{"line":58,"column":74}},"type":"cond-expr","locations":[{"start":{"line":58,"column":38},"end":{"line":58,"column":69}},{"start":{"line":58,"column":72},"end":{"line":58,"column":74}}]}},"s":{"0":0,"1":0,"2":0,"3":0,"4":0,"5":0,"6":0,"7":0,"8":0,"9":0,"10":0,"11":0,"12":0,"13":0,"14":0,"15":0,"16":0,"17":0,"18":0,"19":0,"20":0,"21":0,"22":0,"23":0,"24":0,"25":0,"26":0,"27":0,"28":0,"29":0,"30":0,"31":0,"32":0,"33":0,"34":0,"35":0,"36":0,"37":0,"38":0,"39":0,"40":0,"41":0,"42":0},"f":{"0":0,"1":0,"2":0,"3":0,"4":0,"5":0,"6":0},"b":{"0":[0],"1":[0],"2":[0,0]}}
,"/home/sneha/Desktop/node/src/utils/constant.ts": {"path":"/home/sneha/Desktop/node/src/utils/constant.ts","statementMap":{"0":{"start":{"line":1,"column":13},"end":{"line":1,"column":49}},"1":{"start":{"line":2,"column":13},"end":{"line":2,"column":31}}},"fnMap":{},"branchMap":{},"s":{"0":0,"1":0},"f":{},"b":{}}
,"/home/sneha/Desktop/node/src/utils/fizzbuzz.util.ts": {"path":"/home/sneha/Desktop/node/src/utils/fizzbuzz.util.ts","statementMap":{"0":{"start":{"line":3,"column":4},"end":{"line":5,"column":5}},"1":{"start":{"line":4,"column":6},"end":{"line":4,"column":24}},"2":{"start":{"line":6,"column":4},"end":{"line":8,"column":5}},"3":{"start":{"line":7,"column":6},"end":{"line":7,"column":20}},"4":{"start":{"line":9,"column":4},"end":{"line":13,"column":5}},"5":{"start":{"line":10,"column":6},"end":{"line":10,"column":20}},"6":{"start":{"line":12,"column":6},"end":{"line":12,"column":17}},"7":{"start":{"line":1,"column":0},"end":{"line":1,"column":13}},"8":{"start":{"line":16,"column":13},"end":{"line":16,"column":27}},"9":{"start":{"line":17,"column":0},"end":{"line":19,"column":1}},"10":{"start":{"line":17,"column":13},"end":{"line":17,"column":14}},"11":{"start":{"line":18,"column":2},"end":{"line":18,"column":32}}},"fnMap":{"0":{"name":"(anonymous_0)","decl":{"start":{"line":2,"column":9},"end":{"line":2,"column":17}},"loc":{"start":{"line":2,"column":21},"end":{"line":14,"column":3}}}},"branchMap":{"0":{"loc":{"start":{"line":3,"column":4},"end":{"line":5,"column":5}},"type":"if","locations":[{"start":{"line":3,"column":4},"end":{"line":5,"column":5}}]},"1":{"loc":{"start":{"line":3,"column":8},"end":{"line":3,"column":36}},"type":"binary-expr","locations":[{"start":{"line":3,"column":8},"end":{"line":3,"column":20}},{"start":{"line":3,"column":24},"end":{"line":3,"column":36}}]},"2":{"loc":{"start":{"line":6,"column":4},"end":{"line":8,"column":5}},"type":"if","locations":[{"start":{"line":6,"column":4},"end":{"line":8,"column":5}}]},"3":{"loc":{"start":{"line":9,"column":4},"end":{"line":13,"column":5}},"type":"if","locations":[{"start":{"line":9,"column":4},"end":{"line":13,"column":5}},{"start":{"line":11,"column":11},"end":{"line":13,"column":5}}]}},"s":{"0":22,"1":2,"2":20,"3":7,"4":13,"5":2,"6":11,"7":1,"8":1,"9":1,"10":1,"11":20},"f":{"0":22},"b":{"0":[2],"1":[22,9],"2":[7],"3":[2,11]}}
,"/home/sneha/Desktop/node/src/utils/role.enum.ts": {"path":"/home/sneha/Desktop/node/src/utils/role.enum.ts","statementMap":{"0":{"start":{"line":1,"column":0},"end":{"line":1,"column":null}},"1":{"start":{"line":2,"column":4},"end":{"line":2,"column":null}},"2":{"start":{"line":3,"column":4},"end":{"line":3,"column":null}},"3":{"start":{"line":4,"column":4},"end":{"line":4,"column":null}},"4":{"start":{"line":5,"column":4},"end":{"line":5,"column":null}}},"fnMap":{"0":{"name":"(anonymous_0)","decl":{"start":{"line":1,"column":0},"end":{"line":1,"column":12}},"loc":{"start":{"line":1,"column":16},"end":{"line":6,"column":1}}}},"branchMap":{"0":{"loc":{"start":{"line":1,"column":12},"end":{"line":1,"column":null}},"type":"binary-expr","locations":[{"start":{"line":1,"column":12},"end":{"line":1,"column":16}},{"start":{"line":1,"column":16},"end":{"line":1,"column":null}}]}},"s":{"0":0,"1":0,"2":0,"3":0,"4":0},"f":{"0":0},"b":{"0":[0,0]}}
}
